=== Job Started at Sat Nov 22 07:56:42 PM CET 2025 ===
Job ID: 14244900
Node: jrc0416
GPU: 0,1,2,3     
Working directory: /p/home/jusers/ansart1/jureca/code/task_1_adversarial_examples
=== Loading Modules ===
=== GPU Check ===
Sat Nov 22 19:56:45 2025       
+-----------------------------------------------------------------------------------------+
| NVIDIA-SMI 580.95.05              Driver Version: 580.95.05      CUDA Version: 13.0     |
+-----------------------------------------+------------------------+----------------------+
| GPU  Name                 Persistence-M | Bus-Id          Disp.A | Volatile Uncorr. ECC |
| Fan  Temp   Perf          Pwr:Usage/Cap |           Memory-Usage | GPU-Util  Compute M. |
|                                         |                        |               MIG M. |
|=========================================+========================+======================|
|   0  NVIDIA A100-SXM4-40GB          On  |   00000000:03:00.0 Off |                    0 |
| N/A   45C    P0             62W /  400W |       0MiB /  40960MiB |      0%      Default |
|                                         |                        |             Disabled |
+-----------------------------------------+------------------------+----------------------+
|   1  NVIDIA A100-SXM4-40GB          On  |   00000000:44:00.0 Off |                    0 |
| N/A   44C    P0             59W /  400W |       0MiB /  40960MiB |      0%      Default |
|                                         |                        |             Disabled |
+-----------------------------------------+------------------------+----------------------+
|   2  NVIDIA A100-SXM4-40GB          On  |   00000000:84:00.0 Off |                    0 |
| N/A   45C    P0             66W /  400W |       0MiB /  40960MiB |      0%      Default |
|                                         |                        |             Disabled |
+-----------------------------------------+------------------------+----------------------+
|   3  NVIDIA A100-SXM4-40GB          On  |   00000000:C4:00.0 Off |                    0 |
| N/A   44C    P0             61W /  400W |       0MiB /  40960MiB |      0%      Default |
|                                         |                        |             Disabled |
+-----------------------------------------+------------------------+----------------------+

+-----------------------------------------------------------------------------------------+
| Processes:                                                                              |
|  GPU   GI   CI              PID   Type   Process name                        GPU Memory |
|        ID   ID                                                               Usage      |
|=========================================================================================|
|  No running processes found                                                             |
+-----------------------------------------------------------------------------------------+
=== Starting Attack Script ===
============================================================
PGD Attack Configuration
============================================================
Device: cuda
GPU: NVIDIA A100-SXM4-40GB
Ensemble: all (resnet50, densenet121, vgg16_bn, efficientnet_b0, mobilenet_v3_large)
Epsilon: 7.0
Alpha: 0.02
Steps: 200
Input Diversity: True
Momentum (MI-FGSM): 0.9
Input: natural_images.pt
Output: submission_pgd.npz
============================================================

=== Loading Dataset ===
Loaded 100 images
Image shape: torch.Size([100, 3, 28, 28])
Labels shape: torch.Size([100])

=== Loading 5 Models ===
  Loading resnet50... ✓
  Loading densenet121... ✓
  Loading vgg16_bn... ✓
  Loading efficientnet_b0... ✓
  Loading mobilenet_v3_large... ✓
Total models loaded: 5

=== Starting Attack (Processing 100 images) ===

Image   1/100 (ID: 0, True Label: 0):
    Step   0: Loss=  9.439, L2=0.9699
    Step  25: Loss= 26.821, L2=6.9225
    Step  50: Loss= 28.682, L2=6.9387
    Step  75: Loss= 24.545, L2=6.9369
    Step 100: Loss= 24.623, L2=6.9366
    Step 125: Loss= 30.187, L2=6.9367
    Step 150: Loss= 31.782, L2=6.9396
    Step 175: Loss= 29.688, L2=6.9371
  ✓ Completed in 20.98s, Final L2: 6.9348

Image   2/100 (ID: 1, True Label: 4):
    Step   0: Loss= 10.160, L2=0.9699
    Step  25: Loss= 26.945, L2=6.9791
    Step  50: Loss= 23.043, L2=6.9827
    Step  75: Loss= 23.415, L2=6.9843
    Step 100: Loss= 28.657, L2=6.9835
    Step 125: Loss= 28.066, L2=6.9854
    Step 150: Loss= 29.450, L2=6.9820
    Step 175: Loss= 27.402, L2=6.9861
  ✓ Completed in 19.68s, Final L2: 6.9834

Image   3/100 (ID: 2, True Label: 7):
    Step   0: Loss=  9.125, L2=0.9699
    Step  25: Loss= 27.901, L2=6.9616
    Step  50: Loss= 30.859, L2=6.9675
    Step  75: Loss= 32.082, L2=6.9711
    Step 100: Loss= 35.401, L2=6.9731
    Step 125: Loss= 35.642, L2=6.9732
    Step 150: Loss= 29.797, L2=6.9700
    Step 175: Loss= 36.773, L2=6.9674
  ✓ Completed in 19.79s, Final L2: 6.9703

Image   4/100 (ID: 3, True Label: 5):
    Step   0: Loss=  4.963, L2=0.9699
    Step  25: Loss= 18.579, L2=6.9710
    Step  50: Loss= 22.582, L2=6.9768
    Step  75: Loss= 22.579, L2=6.9763
    Step 100: Loss= 27.860, L2=6.9776
    Step 125: Loss= 32.140, L2=6.9803
    Step 150: Loss= 29.127, L2=6.9813
    Step 175: Loss= 25.873, L2=6.9777
  ✓ Completed in 19.65s, Final L2: 6.9807

Image   5/100 (ID: 4, True Label: 5):
    Step   0: Loss=  6.842, L2=0.9699
    Step  25: Loss= 19.257, L2=6.9477
    Step  50: Loss= 27.582, L2=6.9632
    Step  75: Loss= 27.166, L2=6.9621
    Step 100: Loss= 26.690, L2=6.9640
    Step 125: Loss= 23.025, L2=6.9613
    Step 150: Loss= 24.691, L2=6.9654
    Step 175: Loss= 25.229, L2=6.9623
  ✓ Completed in 19.65s, Final L2: 6.9649

Image   6/100 (ID: 5, True Label: 8):
    Step   0: Loss=  9.940, L2=0.9699
    Step  25: Loss= 22.102, L2=6.9905
    Step  50: Loss= 29.241, L2=6.9922
    Step  75: Loss= 39.672, L2=6.9919
    Step 100: Loss= 28.274, L2=6.9935
    Step 125: Loss= 30.898, L2=6.9936
    Step 150: Loss= 36.801, L2=6.9925
    Step 175: Loss= 28.591, L2=6.9948
  ✓ Completed in 19.66s, Final L2: 6.9955

Image   7/100 (ID: 6, True Label: 3):
    Step   0: Loss=  9.884, L2=0.9699
    Step  25: Loss= 26.462, L2=6.9848
    Step  50: Loss= 27.164, L2=6.9857
    Step  75: Loss= 29.066, L2=6.9883
    Step 100: Loss= 31.718, L2=6.9892
    Step 125: Loss= 30.261, L2=6.9894
    Step 150: Loss= 22.888, L2=6.9890
    Step 175: Loss= 30.772, L2=6.9895
  ✓ Completed in 19.65s, Final L2: 6.9885

Image   8/100 (ID: 7, True Label: 3):
    Step   0: Loss= 10.815, L2=0.9699
    Step  25: Loss= 22.685, L2=6.9929
    Step  50: Loss= 33.311, L2=6.9949
    Step  75: Loss= 28.547, L2=6.9953
    Step 100: Loss= 25.339, L2=6.9961
    Step 125: Loss= 29.863, L2=6.9965
    Step 150: Loss= 27.227, L2=6.9966
    Step 175: Loss= 37.154, L2=6.9969
  ✓ Completed in 19.77s, Final L2: 6.9966

Image   9/100 (ID: 8, True Label: 5):
    Step   0: Loss=  7.717, L2=0.9699
    Step  25: Loss= 24.813, L2=6.9595
    Step  50: Loss= 22.567, L2=6.9720
    Step  75: Loss= 27.701, L2=6.9719
    Step 100: Loss= 24.605, L2=6.9712
    Step 125: Loss= 27.972, L2=6.9763
    Step 150: Loss= 30.461, L2=6.9731
    Step 175: Loss= 21.741, L2=6.9740
  ✓ Completed in 19.67s, Final L2: 6.9744

Image  10/100 (ID: 9, True Label: 8):
    Step   0: Loss=  9.305, L2=0.9699
    Step  25: Loss= 22.583, L2=6.9961
    Step  50: Loss= 23.359, L2=6.9971
    Step  75: Loss= 30.162, L2=6.9950
    Step 100: Loss= 29.931, L2=6.9961
    Step 125: Loss= 31.381, L2=6.9956
    Step 150: Loss= 24.172, L2=6.9969
    Step 175: Loss= 26.355, L2=6.9969
  ✓ Completed in 19.68s, Final L2: 6.9962

  Progress: 10/100 (3.4 min elapsed, ~30.4 min remaining)

Image  11/100 (ID: 10, True Label: 5):
    Step   0: Loss=  6.099, L2=0.9699
    Step  25: Loss= 21.783, L2=6.9798
    Step  50: Loss= 22.128, L2=6.9844
    Step  75: Loss= 27.961, L2=6.9848
    Step 100: Loss= 21.812, L2=6.9839
    Step 125: Loss= 28.411, L2=6.9847
    Step 150: Loss= 21.705, L2=6.9861
    Step 175: Loss= 26.856, L2=6.9856
  ✓ Completed in 19.66s, Final L2: 6.9871

Image  12/100 (ID: 11, True Label: 8):
    Step   0: Loss= 10.069, L2=0.9699
    Step  25: Loss= 25.829, L2=6.9787
    Step  50: Loss= 28.636, L2=6.9853
    Step  75: Loss= 27.256, L2=6.9839
    Step 100: Loss= 22.974, L2=6.9865
    Step 125: Loss= 28.144, L2=6.9862
    Step 150: Loss= 31.052, L2=6.9887
    Step 175: Loss= 26.646, L2=6.9874
  ✓ Completed in 19.65s, Final L2: 6.9868

Image  13/100 (ID: 12, True Label: 2):
    Step   0: Loss= 10.142, L2=0.9699
    Step  25: Loss= 25.784, L2=6.9942
    Step  50: Loss= 30.229, L2=6.9948
    Step  75: Loss= 25.016, L2=6.9955
    Step 100: Loss= 32.812, L2=6.9965
    Step 125: Loss= 30.921, L2=6.9960
    Step 150: Loss= 28.839, L2=6.9961
    Step 175: Loss= 30.365, L2=6.9963
  ✓ Completed in 19.66s, Final L2: 6.9960

Image  14/100 (ID: 13, True Label: 1):
    Step   0: Loss=  7.049, L2=0.9699
    Step  25: Loss= 18.203, L2=6.9242
    Step  50: Loss= 19.955, L2=6.9372
    Step  75: Loss= 22.003, L2=6.9317
    Step 100: Loss= 25.145, L2=6.9365
    Step 125: Loss= 23.574, L2=6.9339
    Step 150: Loss= 25.416, L2=6.9331
    Step 175: Loss= 18.773, L2=6.9345
  ✓ Completed in 19.78s, Final L2: 6.9235

Image  15/100 (ID: 14, True Label: 1):
    Step   0: Loss=  6.443, L2=0.9699
    Step  25: Loss= 18.352, L2=6.9971
    Step  50: Loss= 25.091, L2=6.9973
    Step  75: Loss= 29.345, L2=6.9976
    Step 100: Loss= 30.799, L2=6.9981
    Step 125: Loss= 30.403, L2=6.9975
    Step 150: Loss= 26.759, L2=6.9977
    Step 175: Loss= 30.454, L2=6.9985
  ✓ Completed in 19.68s, Final L2: 6.9980

Image  16/100 (ID: 15, True Label: 5):
    Step   0: Loss=  5.779, L2=0.9699
    Step  25: Loss= 17.904, L2=6.9940
    Step  50: Loss= 23.385, L2=6.9951
    Step  75: Loss= 25.822, L2=6.9928
    Step 100: Loss= 27.912, L2=6.9942
    Step 125: Loss= 30.334, L2=6.9946
    Step 150: Loss= 21.479, L2=6.9961
    Step 175: Loss= 29.766, L2=6.9964
  ✓ Completed in 19.66s, Final L2: 6.9961

Image  17/100 (ID: 16, True Label: 4):
    Step   0: Loss=  9.472, L2=0.9699
    Step  25: Loss= 21.000, L2=6.9702
    Step  50: Loss= 19.554, L2=6.9748
    Step  75: Loss= 29.154, L2=6.9772
    Step 100: Loss= 31.062, L2=6.9758
    Step 125: Loss= 28.855, L2=6.9784
    Step 150: Loss= 22.438, L2=6.9752
    Step 175: Loss= 27.502, L2=6.9788
  ✓ Completed in 19.66s, Final L2: 6.9803

Image  18/100 (ID: 17, True Label: 3):
    Step   0: Loss= 10.625, L2=0.9699
    Step  25: Loss= 30.517, L2=6.9969
    Step  50: Loss= 29.443, L2=6.9960
    Step  75: Loss= 28.454, L2=6.9965
    Step 100: Loss= 32.139, L2=6.9965
    Step 125: Loss= 29.485, L2=6.9974
    Step 150: Loss= 37.063, L2=6.9970
    Step 175: Loss= 27.987, L2=6.9974
  ✓ Completed in 19.67s, Final L2: 6.9980

Image  19/100 (ID: 18, True Label: 2):
    Step   0: Loss= 10.185, L2=0.9699
    Step  25: Loss= 22.714, L2=6.9962
    Step  50: Loss= 28.292, L2=6.9957
    Step  75: Loss= 23.967, L2=6.9955
    Step 100: Loss= 29.797, L2=6.9953
    Step 125: Loss= 25.137, L2=6.9956
    Step 150: Loss= 26.170, L2=6.9950
    Step 175: Loss= 32.242, L2=6.9973
  ✓ Completed in 19.76s, Final L2: 6.9963

Image  20/100 (ID: 19, True Label: 8):
    Step   0: Loss= 10.251, L2=0.9699
    Step  25: Loss= 22.497, L2=6.9761
    Step  50: Loss= 28.852, L2=6.9824
    Step  75: Loss= 34.184, L2=6.9812
    Step 100: Loss= 31.401, L2=6.9817
    Step 125: Loss= 31.612, L2=6.9829
    Step 150: Loss= 27.153, L2=6.9841
    Step 175: Loss= 25.261, L2=6.9808
  ✓ Completed in 19.68s, Final L2: 6.9812

  Progress: 20/100 (6.7 min elapsed, ~26.6 min remaining)

Image  21/100 (ID: 20, True Label: 2):
    Step   0: Loss=  9.390, L2=0.9699
    Step  25: Loss= 21.876, L2=6.9944
    Step  50: Loss= 26.223, L2=6.9978
    Step  75: Loss= 24.416, L2=6.9977
    Step 100: Loss= 28.172, L2=6.9986
    Step 125: Loss= 22.368, L2=6.9975
    Step 150: Loss= 30.330, L2=6.9981
    Step 175: Loss= 30.468, L2=6.9986
  ✓ Completed in 19.66s, Final L2: 6.9984

Image  22/100 (ID: 21, True Label: 5):
    Step   0: Loss=  6.460, L2=0.9699
    Step  25: Loss= 17.317, L2=6.9844
    Step  50: Loss= 26.670, L2=6.9869
    Step  75: Loss= 30.589, L2=6.9884
    Step 100: Loss= 27.195, L2=6.9884
    Step 125: Loss= 24.950, L2=6.9876
    Step 150: Loss= 24.203, L2=6.9874
    Step 175: Loss= 29.643, L2=6.9874
  ✓ Completed in 19.64s, Final L2: 6.9853

Image  23/100 (ID: 22, True Label: 8):
    Step   0: Loss=  9.292, L2=0.9699
    Step  25: Loss= 22.466, L2=6.9902
    Step  50: Loss= 24.694, L2=6.9933
    Step  75: Loss= 26.995, L2=6.9964
    Step 100: Loss= 25.406, L2=6.9964
    Step 125: Loss= 32.238, L2=6.9950
    Step 150: Loss= 28.766, L2=6.9952
    Step 175: Loss= 26.227, L2=6.9966
  ✓ Completed in 19.65s, Final L2: 6.9955

Image  24/100 (ID: 23, True Label: 3):
    Step   0: Loss= 10.413, L2=0.9699
    Step  25: Loss= 27.235, L2=6.9970
    Step  50: Loss= 30.921, L2=6.9968
    Step  75: Loss= 27.061, L2=6.9969
    Step 100: Loss= 34.121, L2=6.9971
    Step 125: Loss= 32.972, L2=6.9971
    Step 150: Loss= 35.285, L2=6.9983
    Step 175: Loss= 35.627, L2=6.9982
  ✓ Completed in 19.76s, Final L2: 6.9988

Image  25/100 (ID: 24, True Label: 8):
    Step   0: Loss=  9.906, L2=0.9696
    Step  25: Loss= 19.154, L2=6.9798
    Step  50: Loss= 30.831, L2=6.9841
    Step  75: Loss= 29.989, L2=6.9846
    Step 100: Loss= 30.725, L2=6.9872
    Step 125: Loss= 32.336, L2=6.9871
    Step 150: Loss= 27.814, L2=6.9882
    Step 175: Loss= 30.965, L2=6.9883
  ✓ Completed in 19.65s, Final L2: 6.9901

Image  26/100 (ID: 25, True Label: 5):
    Step   0: Loss=  5.623, L2=0.9699
    Step  25: Loss= 19.442, L2=6.9990
    Step  50: Loss= 21.455, L2=6.9988
    Step  75: Loss= 25.294, L2=6.9989
    Step 100: Loss= 23.174, L2=6.9995
    Step 125: Loss= 23.601, L2=6.9990
    Step 150: Loss= 27.980, L2=6.9989
    Step 175: Loss= 27.299, L2=6.9992
  ✓ Completed in 19.66s, Final L2: 6.9991

Image  27/100 (ID: 26, True Label: 3):
    Step   0: Loss=  9.857, L2=0.9699
    Step  25: Loss= 22.780, L2=6.9933
    Step  50: Loss= 25.053, L2=6.9927
    Step  75: Loss= 38.462, L2=6.9944
    Step 100: Loss= 38.209, L2=6.9961
    Step 125: Loss= 30.772, L2=6.9947
    Step 150: Loss= 37.089, L2=6.9968
    Step 175: Loss= 39.721, L2=6.9951
  ✓ Completed in 19.66s, Final L2: 6.9953

Image  28/100 (ID: 27, True Label: 3):
    Step   0: Loss= 10.788, L2=0.9699
    Step  25: Loss= 28.105, L2=6.9973
    Step  50: Loss= 30.221, L2=6.9971
    Step  75: Loss= 32.352, L2=6.9982
    Step 100: Loss= 26.916, L2=6.9990
    Step 125: Loss= 36.618, L2=6.9990
    Step 150: Loss= 29.309, L2=6.9984
    Step 175: Loss= 32.866, L2=6.9979
  ✓ Completed in 19.66s, Final L2: 6.9991

Image  29/100 (ID: 28, True Label: 1):
    Step   0: Loss=  8.171, L2=0.9699
    Step  25: Loss= 22.988, L2=6.9956
    Step  50: Loss= 26.439, L2=6.9963
    Step  75: Loss= 25.311, L2=6.9977
    Step 100: Loss= 26.477, L2=6.9973
    Step 125: Loss= 26.504, L2=6.9971
    Step 150: Loss= 26.491, L2=6.9972
    Step 175: Loss= 27.560, L2=6.9965
  ✓ Completed in 19.66s, Final L2: 6.9976

Image  30/100 (ID: 29, True Label: 3):
    Step   0: Loss=  9.001, L2=0.9699
    Step  25: Loss= 26.741, L2=6.9857
    Step  50: Loss= 27.065, L2=6.9896
    Step  75: Loss= 29.516, L2=6.9867
    Step 100: Loss= 33.872, L2=6.9853
    Step 125: Loss= 32.221, L2=6.9889
    Step 150: Loss= 37.485, L2=6.9876
    Step 175: Loss= 35.523, L2=6.9915
  ✓ Completed in 19.77s, Final L2: 6.9875

  Progress: 30/100 (9.9 min elapsed, ~23.2 min remaining)

Image  31/100 (ID: 30, True Label: 0):
    Step   0: Loss=  9.510, L2=0.9699
    Step  25: Loss= 32.936, L2=6.9378
    Step  50: Loss= 30.034, L2=6.9473
    Step  75: Loss= 39.300, L2=6.9513
    Step 100: Loss= 34.118, L2=6.9516
    Step 125: Loss= 30.221, L2=6.9488
    Step 150: Loss= 39.563, L2=6.9487
    Step 175: Loss= 36.082, L2=6.9493
  ✓ Completed in 19.66s, Final L2: 6.9523

Image  32/100 (ID: 31, True Label: 1):
    Step   0: Loss=  7.621, L2=0.9699
    Step  25: Loss= 18.909, L2=6.9881
    Step  50: Loss= 25.215, L2=6.9933
    Step  75: Loss= 21.332, L2=6.9925
    Step 100: Loss= 32.445, L2=6.9924
    Step 125: Loss= 28.224, L2=6.9940
    Step 150: Loss= 31.296, L2=6.9933
    Step 175: Loss= 31.398, L2=6.9908
  ✓ Completed in 19.65s, Final L2: 6.9941

Image  33/100 (ID: 32, True Label: 8):
    Step   0: Loss=  9.842, L2=0.9699
    Step  25: Loss= 21.555, L2=6.9860
    Step  50: Loss= 29.816, L2=6.9865
    Step  75: Loss= 26.554, L2=6.9864
    Step 100: Loss= 33.256, L2=6.9886
    Step 125: Loss= 31.090, L2=6.9848
    Step 150: Loss= 32.965, L2=6.9892
    Step 175: Loss= 26.400, L2=6.9885
  ✓ Completed in 19.66s, Final L2: 6.9902

Image  34/100 (ID: 33, True Label: 3):
    Step   0: Loss= 10.225, L2=0.9699
    Step  25: Loss= 23.731, L2=6.9930
    Step  50: Loss= 28.685, L2=6.9949
    Step  75: Loss= 25.539, L2=6.9956
    Step 100: Loss= 28.903, L2=6.9957
    Step 125: Loss= 31.824, L2=6.9960
    Step 150: Loss= 32.261, L2=6.9963
    Step 175: Loss= 33.664, L2=6.9963
  ✓ Completed in 19.66s, Final L2: 6.9952

Image  35/100 (ID: 34, True Label: 0):
    Step   0: Loss=  9.114, L2=0.9699
    Step  25: Loss= 19.969, L2=6.9167
    Step  50: Loss= 22.513, L2=6.9337
    Step  75: Loss= 23.985, L2=6.9313
    Step 100: Loss= 26.018, L2=6.9326
    Step 125: Loss= 26.063, L2=6.9311
    Step 150: Loss= 27.218, L2=6.9314
    Step 175: Loss= 25.324, L2=6.9390
  ✓ Completed in 19.76s, Final L2: 6.9397

Image  36/100 (ID: 35, True Label: 8):
    Step   0: Loss= 10.389, L2=0.9699
    Step  25: Loss= 24.536, L2=6.9878
    Step  50: Loss= 24.999, L2=6.9877
    Step  75: Loss= 25.410, L2=6.9871
    Step 100: Loss= 32.754, L2=6.9886
    Step 125: Loss= 32.650, L2=6.9892
    Step 150: Loss= 24.849, L2=6.9906
    Step 175: Loss= 29.887, L2=6.9908
  ✓ Completed in 19.67s, Final L2: 6.9889

Image  37/100 (ID: 36, True Label: 5):
    Step   0: Loss=  6.838, L2=0.9699
    Step  25: Loss= 28.684, L2=6.9825
    Step  50: Loss= 31.428, L2=6.9808
    Step  75: Loss= 36.694, L2=6.9819
    Step 100: Loss= 38.311, L2=6.9835
    Step 125: Loss= 36.212, L2=6.9836
    Step 150: Loss= 36.729, L2=6.9860
    Step 175: Loss= 33.337, L2=6.9845
  ✓ Completed in 19.67s, Final L2: 6.9855

Image  38/100 (ID: 37, True Label: 4):
    Step   0: Loss=  9.899, L2=0.9699
    Step  25: Loss= 25.157, L2=6.9341
    Step  50: Loss= 27.490, L2=6.9441
    Step  75: Loss= 26.558, L2=6.9482
    Step 100: Loss= 24.206, L2=6.9525
    Step 125: Loss= 26.626, L2=6.9519
    Step 150: Loss= 21.441, L2=6.9565
    Step 175: Loss= 27.640, L2=6.9581
  ✓ Completed in 19.67s, Final L2: 6.9567

Image  39/100 (ID: 38, True Label: 3):
    Step   0: Loss=  9.168, L2=0.9699
    Step  25: Loss= 25.602, L2=6.9969
    Step  50: Loss= 30.513, L2=6.9976
    Step  75: Loss= 32.272, L2=6.9975
    Step 100: Loss= 34.345, L2=6.9981
    Step 125: Loss= 29.569, L2=6.9981
    Step 150: Loss= 35.372, L2=6.9978
    Step 175: Loss= 37.951, L2=6.9979
  ✓ Completed in 19.66s, Final L2: 6.9979

Image  40/100 (ID: 39, True Label: 7):
    Step   0: Loss= 10.069, L2=0.9699
    Step  25: Loss= 21.634, L2=6.9844
    Step  50: Loss= 24.985, L2=6.9882
    Step  75: Loss= 24.239, L2=6.9892
    Step 100: Loss= 23.146, L2=6.9912
    Step 125: Loss= 26.348, L2=6.9900
    Step 150: Loss= 21.523, L2=6.9918
    Step 175: Loss= 24.627, L2=6.9907
  ✓ Completed in 19.67s, Final L2: 6.9917

  Progress: 40/100 (13.2 min elapsed, ~19.8 min remaining)

Image  41/100 (ID: 40, True Label: 1):
    Step   0: Loss=  6.616, L2=0.9699
    Step  25: Loss= 25.021, L2=6.9993
    Step  50: Loss= 29.627, L2=6.9985
    Step  75: Loss= 27.011, L2=6.9992
    Step 100: Loss= 29.894, L2=6.9992
    Step 125: Loss= 23.153, L2=6.9995
    Step 150: Loss= 28.781, L2=6.9993
    Step 175: Loss= 31.973, L2=6.9991
  ✓ Completed in 19.77s, Final L2: 6.9990

Image  42/100 (ID: 41, True Label: 6):
    Step   0: Loss= 10.118, L2=0.9699
    Step  25: Loss= 22.134, L2=6.9418
    Step  50: Loss= 23.069, L2=6.9612
    Step  75: Loss= 22.120, L2=6.9578
    Step 100: Loss= 27.624, L2=6.9574
    Step 125: Loss= 31.000, L2=6.9609
    Step 150: Loss= 24.574, L2=6.9650
    Step 175: Loss= 32.847, L2=6.9642
  ✓ Completed in 19.66s, Final L2: 6.9631

Image  43/100 (ID: 42, True Label: 5):
    Step   0: Loss=  5.587, L2=0.9699
    Step  25: Loss= 15.499, L2=6.9806
    Step  50: Loss= 23.364, L2=6.9850
    Step  75: Loss= 23.026, L2=6.9872
    Step 100: Loss= 21.651, L2=6.9851
    Step 125: Loss= 25.245, L2=6.9856
    Step 150: Loss= 27.735, L2=6.9878
    Step 175: Loss= 27.733, L2=6.9881
  ✓ Completed in 19.66s, Final L2: 6.9890

Image  44/100 (ID: 43, True Label: 6):
    Step   0: Loss= 10.313, L2=0.9699
    Step  25: Loss= 23.591, L2=6.9602
    Step  50: Loss= 25.786, L2=6.9674
    Step  75: Loss= 29.772, L2=6.9655
    Step 100: Loss= 31.381, L2=6.9684
    Step 125: Loss= 23.374, L2=6.9708
    Step 150: Loss= 31.684, L2=6.9731
